<?xml version="1.0" encoding="UTF-8"?>
<!-- Generated by org.testng.reporters.JUnitReportReporter -->
<testsuite skipped="0" hostname="ManvirKaur" name="TestNgConcept.TC001_TestConcept" tests="1" failures="0" timestamp="06 Jan 2023 03:34:43 GMT" time="4.397" errors="0">
  <testcase name="gettitleofbrowser" time="4.397" classname="TestNgConcept.TC001_TestConcept"/>
</testsuite> <!-- TestNgConcept.TC001_TestConcept -->
