<?xml version="1.0" encoding="UTF-8"?>
<!-- Generated by org.testng.reporters.JUnitReportReporter -->
<testsuite skipped="0" hostname="ManvirKaur" name="TestNgConcept.TC002_Assertitions" tests="1" failures="0" timestamp="06 Jan 2023 03:34:43 GMT" time="0.007" errors="0">
  <testcase name="Assertitions" time="0.007" classname="TestNgConcept.TC002_Assertitions"/>
</testsuite> <!-- TestNgConcept.TC002_Assertitions -->
